

Processing ChatController#index (for 127.0.0.1 at 2010-05-20 13:19:32) [GET]
Rendering template within layouts/chat
Rendering chat/index
Completed in 81ms (View: 76, DB: 0) | 200 OK [http://localhost/]


Processing ChatController#add_line (for 127.0.0.1 at 2010-05-20 13:19:58) [POST]
  Parameters: {"name"=>"Bill", "commit"=>"Say Something", "authenticity_token"=>"teDUjW35+vtQcdJkZtsFtd+wuCbxIxom0vxIX+lV+j0=", "entry"=>"Test", "_"=>""}

ArgumentError (Missing configuration: please check that Pusher.app_id, Pusher.key, and Pusher.secret are all configured):
  pusher (0.5.0) lib/pusher.rb:32:in `[]'
  app/controllers/chat_controller.rb:6:in `add_line'

Rendered rescues/_trace (28.8ms)
Rendered rescues/_request_and_response (1.1ms)
Rendering rescues/layout (internal_server_error)


Processing ChatController#index (for 127.0.0.1 at 2010-05-20 13:24:06) [GET]
Rendering template within layouts/chat
Rendering chat/index
Completed in 23ms (View: 22, DB: 0) | 200 OK [http://localhost/]


Processing ChatController#add_line (for 127.0.0.1 at 2010-05-20 13:24:10) [POST]
  Parameters: {"name"=>"Bill", "commit"=>"Say Something", "authenticity_token"=>"teDUjW35+vtQcdJkZtsFtd+wuCbxIxom0vxIX+lV+j0=", "entry"=>"Test", "_"=>""}
Completed in 857ms (View: 1, DB: 0) | 200 OK [http://localhost/chat/add_line]


Processing ChatController#add_line (for 127.0.0.1 at 2010-05-20 13:24:18) [POST]
  Parameters: {"name"=>"Bill", "commit"=>"Say Something", "authenticity_token"=>"teDUjW35+vtQcdJkZtsFtd+wuCbxIxom0vxIX+lV+j0=", "entry"=>"what's up", "_"=>""}
Completed in 256ms (View: 1, DB: 0) | 200 OK [http://localhost/chat/add_line]


Processing ChatController#index (for 127.0.0.1 at 2010-05-20 13:24:32) [GET]
Rendering template within layouts/chat
Rendering chat/index
Completed in 12ms (View: 10, DB: 0) | 200 OK [http://localhost/]


Processing ApplicationController#index (for 127.0.0.1 at 2010-05-20 13:24:34) [GET]

ActionController::RoutingError (No route matches "/javascripts/web-socket-js/WebSocketMain.swf" with {:method=>:get}):
  

Rendering rescues/layout (not_found)


Processing ChatController#add_line (for 127.0.0.1 at 2010-05-20 13:24:41) [POST]
  Parameters: {"name"=>"Test", "commit"=>"Say Something", "authenticity_token"=>"0hEdTY51RbmgrZC7XTtNJQ8Z5u0Xn7h0NYj/amZMWxI=", "entry"=>"What's up", "_"=>""}
Completed in 261ms (View: 1, DB: 0) | 200 OK [http://localhost/chat/add_line]


Processing ChatController#index (for 127.0.0.1 at 2010-05-20 13:27:01) [GET]
Rendering template within layouts/chat
Rendering chat/index
Completed in 59ms (View: 57, DB: 0) | 200 OK [http://localhost/]


Processing ChatController#index (for 127.0.0.1 at 2010-05-20 13:27:11) [GET]
Rendering template within layouts/chat
Rendering chat/index
Completed in 6ms (View: 5, DB: 0) | 200 OK [http://localhost/]


Processing ChatController#add_line (for 127.0.0.1 at 2010-05-20 13:27:21) [POST]
  Parameters: {"name"=>"Johnny Nguyen", "commit"=>"Say Something", "authenticity_token"=>"0hEdTY51RbmgrZC7XTtNJQ8Z5u0Xn7h0NYj/amZMWxI=", "entry"=>"Test", "_"=>""}
Completed in 374ms (View: 1, DB: 0) | 200 OK [http://localhost/chat/add_line]


Processing ChatController#add_line (for 127.0.0.1 at 2010-05-20 13:27:26) [POST]
  Parameters: {"name"=>"Bill", "commit"=>"Say Something", "authenticity_token"=>"teDUjW35+vtQcdJkZtsFtd+wuCbxIxom0vxIX+lV+j0=", "entry"=>"What's up", "_"=>""}
Completed in 257ms (View: 1, DB: 0) | 200 OK [http://localhost/chat/add_line]
